ARM GAS  E:\msys32\tmp\ccUAM9oM.s 			page 1


   1              		.cpu cortex-m4
   2              		.eabi_attribute 27, 1
   3              		.eabi_attribute 28, 1
   4              		.eabi_attribute 20, 1
   5              		.eabi_attribute 21, 1
   6              		.eabi_attribute 23, 3
   7              		.eabi_attribute 24, 1
   8              		.eabi_attribute 25, 1
   9              		.eabi_attribute 26, 1
  10              		.eabi_attribute 30, 1
  11              		.eabi_attribute 34, 1
  12              		.eabi_attribute 18, 4
  13              		.file	"stm32f4xx_it.c"
  14              		.text
  15              	.Ltext0:
  16              		.cfi_sections	.debug_frame
  17              		.section	.text.TIM2_IRQHandler,"ax",%progbits
  18              		.align	1
  19              		.global	TIM2_IRQHandler
  20              		.syntax unified
  21              		.thumb
  22              		.thumb_func
  23              		.fpu fpv4-sp-d16
  25              	TIM2_IRQHandler:
  26              	.LFB0:
  27              		.file 1 "Src/stm32f4xx_it.c"
   1:Src/stm32f4xx_it.c **** 
   2:Src/stm32f4xx_it.c **** #include "project.h"
   3:Src/stm32f4xx_it.c **** 
   4:Src/stm32f4xx_it.c **** volatile unsigned int led_state = 0;
   5:Src/stm32f4xx_it.c **** volatile unsigned char rx_data = 0;
   6:Src/stm32f4xx_it.c **** 
   7:Src/stm32f4xx_it.c **** void TIM2_IRQHandler(){
  28              		.loc 1 7 0
  29              		.cfi_startproc
  30              		@ args = 0, pretend = 0, frame = 0
  31              		@ frame_needed = 0, uses_anonymous_args = 0
  32 0000 08B5     		push	{r3, lr}
  33              	.LCFI0:
  34              		.cfi_def_cfa_offset 8
  35              		.cfi_offset 3, -8
  36              		.cfi_offset 14, -4
   8:Src/stm32f4xx_it.c ****  	unsigned temp_reg;
   9:Src/stm32f4xx_it.c **** 
  10:Src/stm32f4xx_it.c **** 	GPIO_TongglePin(GPIOD , (GPIO_PIN(12) | GPIO_PIN(13)| GPIO_PIN(14) |GPIO_PIN(15) ) );
  37              		.loc 1 10 0
  38 0002 4FF47041 		mov	r1, #61440
  39 0006 0648     		ldr	r0, .L3
  40 0008 FFF7FEFF 		bl	GPIO_TongglePin
  41              	.LVL0:
  11:Src/stm32f4xx_it.c **** 
  12:Src/stm32f4xx_it.c ****  // clear interrupt flag
  13:Src/stm32f4xx_it.c **** 	temp_reg = read_reg(TIM_SR(mTIM2) , ~(0x1u<<0));
  42              		.loc 1 13 0
  43 000c 054A     		ldr	r2, .L3+4
  44 000e 1368     		ldr	r3, [r2]
  45 0010 23F00103 		bic	r3, r3, #1
ARM GAS  E:\msys32\tmp\ccUAM9oM.s 			page 2


  46              	.LVL1:
  14:Src/stm32f4xx_it.c ****     write_reg(TIM_SR(mTIM2) , temp_reg);
  47              		.loc 1 14 0
  48 0014 1360     		str	r3, [r2]
  15:Src/stm32f4xx_it.c ****     write_reg(NVIC_ICPR , (1 << 28) );
  49              		.loc 1 15 0
  50 0016 044B     		ldr	r3, .L3+8
  51              	.LVL2:
  52 0018 4FF08052 		mov	r2, #268435456
  53              	.LVL3:
  54 001c 1A60     		str	r2, [r3]
  16:Src/stm32f4xx_it.c **** 
  17:Src/stm32f4xx_it.c **** }
  55              		.loc 1 17 0
  56 001e 08BD     		pop	{r3, pc}
  57              	.L4:
  58              		.align	2
  59              	.L3:
  60 0020 000C0240 		.word	1073875968
  61 0024 10000040 		.word	1073741840
  62 0028 80E200E0 		.word	-536812928
  63              		.cfi_endproc
  64              	.LFE0:
  66              		.section	.text.EXTI1_IRQHandler,"ax",%progbits
  67              		.align	1
  68              		.global	EXTI1_IRQHandler
  69              		.syntax unified
  70              		.thumb
  71              		.thumb_func
  72              		.fpu fpv4-sp-d16
  74              	EXTI1_IRQHandler:
  75              	.LFB1:
  18:Src/stm32f4xx_it.c **** 
  19:Src/stm32f4xx_it.c **** void EXTI1_IRQHandler(){
  76              		.loc 1 19 0
  77              		.cfi_startproc
  78              		@ args = 0, pretend = 0, frame = 0
  79              		@ frame_needed = 0, uses_anonymous_args = 0
  80 0000 08B5     		push	{r3, lr}
  81              	.LCFI1:
  82              		.cfi_def_cfa_offset 8
  83              		.cfi_offset 3, -8
  84              		.cfi_offset 14, -4
  20:Src/stm32f4xx_it.c **** 	unsigned int temp_reg;
  21:Src/stm32f4xx_it.c **** 	delay(0xfff);
  85              		.loc 1 21 0
  86 0002 40F6FF70 		movw	r0, #4095
  87 0006 FFF7FEFF 		bl	delay
  88              	.LVL4:
  22:Src/stm32f4xx_it.c **** 	 // clear interrupt flag
  23:Src/stm32f4xx_it.c **** 	temp_reg = (1 <<1) ;
  24:Src/stm32f4xx_it.c **** 	write_reg(EXTI_PR , temp_reg );
  89              		.loc 1 24 0
  90 000a 034B     		ldr	r3, .L7
  91 000c 0222     		movs	r2, #2
  92 000e 1A60     		str	r2, [r3]
  25:Src/stm32f4xx_it.c **** 	write_reg(NVIC_ICPR , (1 << 7) );
ARM GAS  E:\msys32\tmp\ccUAM9oM.s 			page 3


  93              		.loc 1 25 0
  94 0010 024B     		ldr	r3, .L7+4
  95 0012 8022     		movs	r2, #128
  96 0014 1A60     		str	r2, [r3]
  26:Src/stm32f4xx_it.c **** }
  97              		.loc 1 26 0
  98 0016 08BD     		pop	{r3, pc}
  99              	.L8:
 100              		.align	2
 101              	.L7:
 102 0018 143C0140 		.word	1073822740
 103 001c 80E200E0 		.word	-536812928
 104              		.cfi_endproc
 105              	.LFE1:
 107              		.section	.text.EXTI0_IRQHandler,"ax",%progbits
 108              		.align	1
 109              		.global	EXTI0_IRQHandler
 110              		.syntax unified
 111              		.thumb
 112              		.thumb_func
 113              		.fpu fpv4-sp-d16
 115              	EXTI0_IRQHandler:
 116              	.LFB2:
  27:Src/stm32f4xx_it.c **** void EXTI0_IRQHandler(){
 117              		.loc 1 27 0
 118              		.cfi_startproc
 119              		@ args = 0, pretend = 0, frame = 0
 120              		@ frame_needed = 0, uses_anonymous_args = 0
 121 0000 08B5     		push	{r3, lr}
 122              	.LCFI2:
 123              		.cfi_def_cfa_offset 8
 124              		.cfi_offset 3, -8
 125              		.cfi_offset 14, -4
  28:Src/stm32f4xx_it.c **** 	unsigned int temp_reg;
  29:Src/stm32f4xx_it.c **** 	
  30:Src/stm32f4xx_it.c **** 	GPIO_TongglePin(GPIOD , GPIO_PIN(15));
 126              		.loc 1 30 0
 127 0002 4FF40041 		mov	r1, #32768
 128 0006 0548     		ldr	r0, .L11
 129 0008 FFF7FEFF 		bl	GPIO_TongglePin
 130              	.LVL5:
  31:Src/stm32f4xx_it.c **** 	
  32:Src/stm32f4xx_it.c **** 	// xoa co ngat 
  33:Src/stm32f4xx_it.c **** 	temp_reg = (1 <<0) ;
  34:Src/stm32f4xx_it.c **** 	write_reg(EXTI_PR , temp_reg );
 131              		.loc 1 34 0
 132 000c 044B     		ldr	r3, .L11+4
 133 000e 0122     		movs	r2, #1
 134 0010 1A60     		str	r2, [r3]
  35:Src/stm32f4xx_it.c **** 	write_reg(NVIC_ICPR , (1 << 6) );
 135              		.loc 1 35 0
 136 0012 044B     		ldr	r3, .L11+8
 137 0014 4022     		movs	r2, #64
 138 0016 1A60     		str	r2, [r3]
  36:Src/stm32f4xx_it.c **** 	
  37:Src/stm32f4xx_it.c **** }
 139              		.loc 1 37 0
ARM GAS  E:\msys32\tmp\ccUAM9oM.s 			page 4


 140 0018 08BD     		pop	{r3, pc}
 141              	.L12:
 142 001a 00BF     		.align	2
 143              	.L11:
 144 001c 000C0240 		.word	1073875968
 145 0020 143C0140 		.word	1073822740
 146 0024 80E200E0 		.word	-536812928
 147              		.cfi_endproc
 148              	.LFE2:
 150              		.section	.text.init_interrupt,"ax",%progbits
 151              		.align	1
 152              		.global	init_interrupt
 153              		.syntax unified
 154              		.thumb
 155              		.thumb_func
 156              		.fpu fpv4-sp-d16
 158              	init_interrupt:
 159              	.LFB3:
  38:Src/stm32f4xx_it.c **** 
  39:Src/stm32f4xx_it.c **** void init_interrupt( ){
 160              		.loc 1 39 0
 161              		.cfi_startproc
 162              		@ args = 0, pretend = 0, frame = 0
 163              		@ frame_needed = 0, uses_anonymous_args = 0
 164              		@ link register save eliminated.
  40:Src/stm32f4xx_it.c **** 	unsigned int temp_reg;
  41:Src/stm32f4xx_it.c **** //EXTI_IMR enable 2 interrupt EXTI0 , EXTI1
  42:Src/stm32f4xx_it.c **** 	temp_reg = read_reg(EXTI_IMR , ~(0x03<< 0));
 165              		.loc 1 42 0
 166 0000 164A     		ldr	r2, .L14
 167 0002 1368     		ldr	r3, [r2]
 168              	.LVL6:
  43:Src/stm32f4xx_it.c **** 	temp_reg  = temp_reg | (0x03<< 0 );
 169              		.loc 1 43 0
 170 0004 43F00303 		orr	r3, r3, #3
 171              	.LVL7:
  44:Src/stm32f4xx_it.c **** 	write_reg(EXTI_IMR , temp_reg );
 172              		.loc 1 44 0
 173 0008 1360     		str	r3, [r2]
  45:Src/stm32f4xx_it.c **** 	
  46:Src/stm32f4xx_it.c **** 	
  47:Src/stm32f4xx_it.c **** 	/////////////////////////////
  48:Src/stm32f4xx_it.c **** 	//raising for button1 
  49:Src/stm32f4xx_it.c **** 	temp_reg = read_reg(EXTI_RTSR , ~(1<< 0));
 174              		.loc 1 49 0
 175 000a 0832     		adds	r2, r2, #8
 176 000c 1368     		ldr	r3, [r2]
 177              	.LVL8:
  50:Src/stm32f4xx_it.c **** 	temp_reg  = temp_reg | (1<< 0 );
  51:Src/stm32f4xx_it.c **** 	write_reg(EXTI_RTSR , temp_reg );
  52:Src/stm32f4xx_it.c **** 	
  53:Src/stm32f4xx_it.c **** 	// raising for button1
  54:Src/stm32f4xx_it.c **** 	temp_reg = read_reg(EXTI_RTSR , ~(1u<< 1));
  55:Src/stm32f4xx_it.c **** 	temp_reg  = temp_reg | (1u << 1 );
 178              		.loc 1 55 0
 179 000e 43F00303 		orr	r3, r3, #3
 180              	.LVL9:
ARM GAS  E:\msys32\tmp\ccUAM9oM.s 			page 5


  56:Src/stm32f4xx_it.c **** 	write_reg(EXTI_RTSR , temp_reg );
 181              		.loc 1 56 0
 182 0012 1360     		str	r3, [r2]
  57:Src/stm32f4xx_it.c **** 	
  58:Src/stm32f4xx_it.c **** 	/////////////////////////////
  59:Src/stm32f4xx_it.c **** // syscfg
  60:Src/stm32f4xx_it.c **** 	
  61:Src/stm32f4xx_it.c **** 	//FOR EXTI0
  62:Src/stm32f4xx_it.c **** 	temp_reg = read_reg(SYSCFG_EXTICR1 , ~(0x0F<< 0));
 183              		.loc 1 62 0
 184 0014 A2F58062 		sub	r2, r2, #1024
 185 0018 1368     		ldr	r3, [r2]
 186              	.LVL10:
  63:Src/stm32f4xx_it.c **** 	temp_reg  = temp_reg | (0 << 0 );
  64:Src/stm32f4xx_it.c **** 	write_reg(SYSCFG_EXTICR1 , temp_reg );
  65:Src/stm32f4xx_it.c **** 	
  66:Src/stm32f4xx_it.c **** 	//FOR EXTI1
  67:Src/stm32f4xx_it.c **** 	temp_reg = read_reg(SYSCFG_EXTICR1 , ~(0x0F<< 4));
 187              		.loc 1 67 0
 188 001a 23F0FF03 		bic	r3, r3, #255
 189              	.LVL11:
  68:Src/stm32f4xx_it.c **** 	temp_reg  = temp_reg | (0 << 4 );
  69:Src/stm32f4xx_it.c **** 	write_reg(SYSCFG_EXTICR1 , temp_reg );
 190              		.loc 1 69 0
 191 001e 1360     		str	r3, [r2]
  70:Src/stm32f4xx_it.c **** 	
  71:Src/stm32f4xx_it.c **** 	//////////////////////////////
  72:Src/stm32f4xx_it.c **** 	
  73:Src/stm32f4xx_it.c **** //NVIC	
  74:Src/stm32f4xx_it.c **** 	//FOR EXTI0
  75:Src/stm32f4xx_it.c **** 	temp_reg = read_reg(NVIC_IPR(0) , ~(0xFF << 16));
 192              		.loc 1 75 0
 193 0020 0F4A     		ldr	r2, .L14+4
 194 0022 1368     		ldr	r3, [r2]
 195              	.LVL12:
 196 0024 23F47F03 		bic	r3, r3, #16711680
 197              	.LVL13:
  76:Src/stm32f4xx_it.c **** 	temp_reg  = temp_reg | (1u << 22 );
 198              		.loc 1 76 0
 199 0028 43F48003 		orr	r3, r3, #4194304
 200              	.LVL14:
  77:Src/stm32f4xx_it.c **** 	write_reg(NVIC_IPR(0), temp_reg );
  78:Src/stm32f4xx_it.c **** 	
  79:Src/stm32f4xx_it.c **** 	//FOR EXTI0	
  80:Src/stm32f4xx_it.c **** 	temp_reg = read_reg(NVIC_IPR(0) , ~(0xFF << 24));
 201              		.loc 1 80 0
 202 002c 23F07F43 		bic	r3, r3, #-16777216
 203              	.LVL15:
  81:Src/stm32f4xx_it.c **** 	temp_reg  = temp_reg | (0x01 << 30 );
 204              		.loc 1 81 0
 205 0030 43F08043 		orr	r3, r3, #1073741824
 206              	.LVL16:
  82:Src/stm32f4xx_it.c **** 	write_reg(NVIC_IPR(0) , temp_reg );
 207              		.loc 1 82 0
 208 0034 1360     		str	r3, [r2]
  83:Src/stm32f4xx_it.c **** 	
  84:Src/stm32f4xx_it.c **** 	
ARM GAS  E:\msys32\tmp\ccUAM9oM.s 			page 6


  85:Src/stm32f4xx_it.c **** 	//////////////////////////////
  86:Src/stm32f4xx_it.c **** 	// enable nvic
  87:Src/stm32f4xx_it.c **** 	
  88:Src/stm32f4xx_it.c **** 	//EXTI0
  89:Src/stm32f4xx_it.c **** 	temp_reg = read_reg(NVIC_ISER(0) , ~(0x01<< 6));
 209              		.loc 1 89 0
 210 0036 0B49     		ldr	r1, .L14+8
 211 0038 0B68     		ldr	r3, [r1]
 212              	.LVL17:
  90:Src/stm32f4xx_it.c **** 	temp_reg  = temp_reg | (1 << 6 );
  91:Src/stm32f4xx_it.c **** 	write_reg(NVIC_ISER(0)  , temp_reg );
  92:Src/stm32f4xx_it.c **** 	
  93:Src/stm32f4xx_it.c **** 	//EXTI1
  94:Src/stm32f4xx_it.c **** 	temp_reg = read_reg(NVIC_ISER(0) , ~(0x01<< 7));
  95:Src/stm32f4xx_it.c **** 	temp_reg  = temp_reg | (1 << 7 );
  96:Src/stm32f4xx_it.c **** 	write_reg(NVIC_ISER(0)  , temp_reg );
  97:Src/stm32f4xx_it.c **** 	
  98:Src/stm32f4xx_it.c **** 	//////////////////////////////
  99:Src/stm32f4xx_it.c **** 	/* usart1 */
 100:Src/stm32f4xx_it.c **** 
 101:Src/stm32f4xx_it.c **** 	
 102:Src/stm32f4xx_it.c ****     /* Tx interrupt */
 103:Src/stm32f4xx_it.c ****     temp_reg = read_reg(USART_CR1, ~(1 << 6));
 213              		.loc 1 103 0
 214 003a 0B48     		ldr	r0, .L14+12
 215 003c 0268     		ldr	r2, [r0]
 216              	.LVL18:
 104:Src/stm32f4xx_it.c ****     temp_reg |= (1 << 6);
 105:Src/stm32f4xx_it.c ****     write_reg(USART_CR1, temp_reg);
 106:Src/stm32f4xx_it.c **** 
 107:Src/stm32f4xx_it.c ****     /* Rx interrupt - RXNEIE */
 108:Src/stm32f4xx_it.c ****     temp_reg = read_reg(USART_CR1, ~(1 << 5));
 109:Src/stm32f4xx_it.c ****     temp_reg |= (1 << 5);
 217              		.loc 1 109 0
 218 003e 42F06002 		orr	r2, r2, #96
 219              	.LVL19:
 110:Src/stm32f4xx_it.c ****     write_reg(USART_CR1, temp_reg);
 220              		.loc 1 110 0
 221 0042 0260     		str	r2, [r0]
 222              	.LVL20:
 111:Src/stm32f4xx_it.c ****     
 112:Src/stm32f4xx_it.c ****     // 37  = 32 + 5
 113:Src/stm32f4xx_it.c ****     temp_reg = read_reg(NVIC_ISER(0), ~(1 << 5));
 114:Src/stm32f4xx_it.c ****     temp_reg |= 1 << 5;
 223              		.loc 1 114 0
 224 0044 43F0E003 		orr	r3, r3, #224
 225              	.LVL21:
 115:Src/stm32f4xx_it.c ****     write_reg(NVIC_ISER(0), temp_reg);
 226              		.loc 1 115 0
 227 0048 0B60     		str	r3, [r1]
 116:Src/stm32f4xx_it.c **** 
 117:Src/stm32f4xx_it.c ****     temp_reg = read_reg(NVIC_IPR(8), ~(0xFF << 8));
 228              		.loc 1 117 0
 229 004a 084A     		ldr	r2, .L14+16
 230 004c 1368     		ldr	r3, [r2]
 231              	.LVL22:
 232 004e 23F47F43 		bic	r3, r3, #65280
ARM GAS  E:\msys32\tmp\ccUAM9oM.s 			page 7


 233              	.LVL23:
 118:Src/stm32f4xx_it.c ****     temp_reg |= 0x01 << 14;
 234              		.loc 1 118 0
 235 0052 43F48043 		orr	r3, r3, #16384
 236              	.LVL24:
 119:Src/stm32f4xx_it.c ****     write_reg(NVIC_IPR(8), temp_reg);
 237              		.loc 1 119 0
 238 0056 1360     		str	r3, [r2]
 120:Src/stm32f4xx_it.c ****     
 121:Src/stm32f4xx_it.c **** 	
 122:Src/stm32f4xx_it.c **** 	
 123:Src/stm32f4xx_it.c ****     asm("cpsie i") ;	
 239              		.loc 1 123 0
 240              		.syntax unified
 241              	@ 123 "Src/stm32f4xx_it.c" 1
 242 0058 62B6     		cpsie i
 243              	@ 0 "" 2
 124:Src/stm32f4xx_it.c **** 	
 125:Src/stm32f4xx_it.c **** }
 244              		.loc 1 125 0
 245              		.thumb
 246              		.syntax unified
 247 005a 7047     		bx	lr
 248              	.L15:
 249              		.align	2
 250              	.L14:
 251 005c 003C0140 		.word	1073822720
 252 0060 00E400E0 		.word	-536812544
 253 0064 00E100E0 		.word	-536813312
 254 0068 0C100140 		.word	1073811468
 255 006c 20E400E0 		.word	-536812512
 256              		.cfi_endproc
 257              	.LFE3:
 259              		.section	.text.USART1_IRQHandler,"ax",%progbits
 260              		.align	1
 261              		.global	USART1_IRQHandler
 262              		.syntax unified
 263              		.thumb
 264              		.thumb_func
 265              		.fpu fpv4-sp-d16
 267              	USART1_IRQHandler:
 268              	.LFB4:
 126:Src/stm32f4xx_it.c **** 
 127:Src/stm32f4xx_it.c **** void USART1_IRQHandler(void)
 128:Src/stm32f4xx_it.c **** {
 269              		.loc 1 128 0
 270              		.cfi_startproc
 271              		@ args = 0, pretend = 0, frame = 8
 272              		@ frame_needed = 0, uses_anonymous_args = 0
 273              		@ link register save eliminated.
 274 0000 82B0     		sub	sp, sp, #8
 275              	.LCFI3:
 276              		.cfi_def_cfa_offset 8
 129:Src/stm32f4xx_it.c ****     volatile unsigned int temp;
 130:Src/stm32f4xx_it.c **** 	unsigned long int temp_reg;
 131:Src/stm32f4xx_it.c ****     
 132:Src/stm32f4xx_it.c ****     temp = read_reg(USART_SR, 1 << 6);
ARM GAS  E:\msys32\tmp\ccUAM9oM.s 			page 8


 277              		.loc 1 132 0
 278 0002 0C4B     		ldr	r3, .L20
 279 0004 1B68     		ldr	r3, [r3]
 280 0006 03F04003 		and	r3, r3, #64
 281 000a 0193     		str	r3, [sp, #4]
 133:Src/stm32f4xx_it.c ****     if (0 != temp) /* Tx - TC flag */
 282              		.loc 1 133 0
 283 000c 019B     		ldr	r3, [sp, #4]
 284 000e 23B1     		cbz	r3, .L17
 134:Src/stm32f4xx_it.c ****     {
 135:Src/stm32f4xx_it.c **** 		// clear flag tc
 136:Src/stm32f4xx_it.c **** 		temp_reg = read_reg(USART_SR , ~(1u << 6));
 285              		.loc 1 136 0
 286 0010 084A     		ldr	r2, .L20
 287 0012 1368     		ldr	r3, [r2]
 288 0014 23F04003 		bic	r3, r3, #64
 289              	.LVL25:
 137:Src/stm32f4xx_it.c **** 		temp_reg |= (0u << 6);
 138:Src/stm32f4xx_it.c ****         write_reg(USART_SR, temp_reg);
 290              		.loc 1 138 0
 291 0018 1360     		str	r3, [r2]
 292              	.LVL26:
 293              	.L17:
 139:Src/stm32f4xx_it.c **** 		
 140:Src/stm32f4xx_it.c ****     }
 141:Src/stm32f4xx_it.c ****     temp = read_reg(USART_SR, 1 << 5);
 294              		.loc 1 141 0
 295 001a 064B     		ldr	r3, .L20
 296 001c 1B68     		ldr	r3, [r3]
 297 001e 03F02003 		and	r3, r3, #32
 298 0022 0193     		str	r3, [sp, #4]
 142:Src/stm32f4xx_it.c ****     if (0 != temp)  /* Rx - RXNE flag */
 299              		.loc 1 142 0
 300 0024 019B     		ldr	r3, [sp, #4]
 301 0026 1BB1     		cbz	r3, .L16
 143:Src/stm32f4xx_it.c ****     {
 144:Src/stm32f4xx_it.c ****         rx_data = read_reg(USART_DR , 0x000000FF);
 302              		.loc 1 144 0
 303 0028 034B     		ldr	r3, .L20+4
 304 002a 1A78     		ldrb	r2, [r3]	@ zero_extendqisi2
 305 002c 034B     		ldr	r3, .L20+8
 306 002e 1A70     		strb	r2, [r3]
 307              	.L16:
 145:Src/stm32f4xx_it.c ****     }
 146:Src/stm32f4xx_it.c **** }
 308              		.loc 1 146 0
 309 0030 02B0     		add	sp, sp, #8
 310              	.LCFI4:
 311              		.cfi_def_cfa_offset 0
 312              		@ sp needed
 313 0032 7047     		bx	lr
 314              	.L21:
 315              		.align	2
 316              	.L20:
 317 0034 00100140 		.word	1073811456
 318 0038 04100140 		.word	1073811460
 319 003c 00000000 		.word	.LANCHOR0
ARM GAS  E:\msys32\tmp\ccUAM9oM.s 			page 9


 320              		.cfi_endproc
 321              	.LFE4:
 323              		.section	.text.NMI_Handler,"ax",%progbits
 324              		.align	1
 325              		.global	NMI_Handler
 326              		.syntax unified
 327              		.thumb
 328              		.thumb_func
 329              		.fpu fpv4-sp-d16
 331              	NMI_Handler:
 332              	.LFB5:
 147:Src/stm32f4xx_it.c **** void NMI_Handler(void)
 148:Src/stm32f4xx_it.c **** {
 333              		.loc 1 148 0
 334              		.cfi_startproc
 335              		@ args = 0, pretend = 0, frame = 0
 336              		@ frame_needed = 0, uses_anonymous_args = 0
 337              		@ link register save eliminated.
 149:Src/stm32f4xx_it.c **** }
 338              		.loc 1 149 0
 339 0000 7047     		bx	lr
 340              		.cfi_endproc
 341              	.LFE5:
 343              		.section	.text.HardFault_Handler,"ax",%progbits
 344              		.align	1
 345              		.global	HardFault_Handler
 346              		.syntax unified
 347              		.thumb
 348              		.thumb_func
 349              		.fpu fpv4-sp-d16
 351              	HardFault_Handler:
 352              	.LFB6:
 150:Src/stm32f4xx_it.c **** 
 151:Src/stm32f4xx_it.c **** void HardFault_Handler(void)
 152:Src/stm32f4xx_it.c **** {
 353              		.loc 1 152 0
 354              		.cfi_startproc
 355              		@ Volatile: function does not return.
 356              		@ args = 0, pretend = 0, frame = 0
 357              		@ frame_needed = 0, uses_anonymous_args = 0
 358              		@ link register save eliminated.
 359              	.L24:
 360 0000 FEE7     		b	.L24
 361              		.cfi_endproc
 362              	.LFE6:
 364              		.section	.text.MemManage_Handler,"ax",%progbits
 365              		.align	1
 366              		.global	MemManage_Handler
 367              		.syntax unified
 368              		.thumb
 369              		.thumb_func
 370              		.fpu fpv4-sp-d16
 372              	MemManage_Handler:
 373              	.LFB7:
 153:Src/stm32f4xx_it.c ****   while (1)
 154:Src/stm32f4xx_it.c ****   {
 155:Src/stm32f4xx_it.c ****   }
ARM GAS  E:\msys32\tmp\ccUAM9oM.s 			page 10


 156:Src/stm32f4xx_it.c **** }
 157:Src/stm32f4xx_it.c **** void MemManage_Handler(void)
 158:Src/stm32f4xx_it.c **** {
 374              		.loc 1 158 0
 375              		.cfi_startproc
 376              		@ Volatile: function does not return.
 377              		@ args = 0, pretend = 0, frame = 0
 378              		@ frame_needed = 0, uses_anonymous_args = 0
 379              		@ link register save eliminated.
 380              	.L26:
 381 0000 FEE7     		b	.L26
 382              		.cfi_endproc
 383              	.LFE7:
 385              		.section	.text.BusFault_Handler,"ax",%progbits
 386              		.align	1
 387              		.global	BusFault_Handler
 388              		.syntax unified
 389              		.thumb
 390              		.thumb_func
 391              		.fpu fpv4-sp-d16
 393              	BusFault_Handler:
 394              	.LFB8:
 159:Src/stm32f4xx_it.c ****   while (1)
 160:Src/stm32f4xx_it.c ****   {
 161:Src/stm32f4xx_it.c ****   }
 162:Src/stm32f4xx_it.c **** }
 163:Src/stm32f4xx_it.c **** 
 164:Src/stm32f4xx_it.c **** void BusFault_Handler(void)
 165:Src/stm32f4xx_it.c **** {
 395              		.loc 1 165 0
 396              		.cfi_startproc
 397              		@ Volatile: function does not return.
 398              		@ args = 0, pretend = 0, frame = 0
 399              		@ frame_needed = 0, uses_anonymous_args = 0
 400              		@ link register save eliminated.
 401              	.L28:
 402 0000 FEE7     		b	.L28
 403              		.cfi_endproc
 404              	.LFE8:
 406              		.section	.text.UsageFault_Handler,"ax",%progbits
 407              		.align	1
 408              		.global	UsageFault_Handler
 409              		.syntax unified
 410              		.thumb
 411              		.thumb_func
 412              		.fpu fpv4-sp-d16
 414              	UsageFault_Handler:
 415              	.LFB9:
 166:Src/stm32f4xx_it.c ****   while (1)
 167:Src/stm32f4xx_it.c ****   {
 168:Src/stm32f4xx_it.c ****   }
 169:Src/stm32f4xx_it.c **** 
 170:Src/stm32f4xx_it.c **** }
 171:Src/stm32f4xx_it.c **** 
 172:Src/stm32f4xx_it.c **** void UsageFault_Handler(void)
 173:Src/stm32f4xx_it.c **** {
 416              		.loc 1 173 0
ARM GAS  E:\msys32\tmp\ccUAM9oM.s 			page 11


 417              		.cfi_startproc
 418              		@ Volatile: function does not return.
 419              		@ args = 0, pretend = 0, frame = 0
 420              		@ frame_needed = 0, uses_anonymous_args = 0
 421              		@ link register save eliminated.
 422              	.L30:
 423 0000 FEE7     		b	.L30
 424              		.cfi_endproc
 425              	.LFE9:
 427              		.section	.text.SVC_Handler,"ax",%progbits
 428              		.align	1
 429              		.global	SVC_Handler
 430              		.syntax unified
 431              		.thumb
 432              		.thumb_func
 433              		.fpu fpv4-sp-d16
 435              	SVC_Handler:
 436              	.LFB10:
 174:Src/stm32f4xx_it.c ****   while (1)
 175:Src/stm32f4xx_it.c ****   {
 176:Src/stm32f4xx_it.c ****   }
 177:Src/stm32f4xx_it.c **** }
 178:Src/stm32f4xx_it.c **** void SVC_Handler(void)
 179:Src/stm32f4xx_it.c **** {
 437              		.loc 1 179 0
 438              		.cfi_startproc
 439              		@ args = 0, pretend = 0, frame = 0
 440              		@ frame_needed = 0, uses_anonymous_args = 0
 441              		@ link register save eliminated.
 180:Src/stm32f4xx_it.c **** }
 442              		.loc 1 180 0
 443 0000 7047     		bx	lr
 444              		.cfi_endproc
 445              	.LFE10:
 447              		.section	.text.DebugMon_Handler,"ax",%progbits
 448              		.align	1
 449              		.global	DebugMon_Handler
 450              		.syntax unified
 451              		.thumb
 452              		.thumb_func
 453              		.fpu fpv4-sp-d16
 455              	DebugMon_Handler:
 456              	.LFB11:
 181:Src/stm32f4xx_it.c **** 
 182:Src/stm32f4xx_it.c **** void DebugMon_Handler(void)
 183:Src/stm32f4xx_it.c **** {
 457              		.loc 1 183 0
 458              		.cfi_startproc
 459              		@ args = 0, pretend = 0, frame = 0
 460              		@ frame_needed = 0, uses_anonymous_args = 0
 461              		@ link register save eliminated.
 184:Src/stm32f4xx_it.c **** }
 462              		.loc 1 184 0
 463 0000 7047     		bx	lr
 464              		.cfi_endproc
 465              	.LFE11:
 467              		.section	.text.PendSV_Handler,"ax",%progbits
ARM GAS  E:\msys32\tmp\ccUAM9oM.s 			page 12


 468              		.align	1
 469              		.global	PendSV_Handler
 470              		.syntax unified
 471              		.thumb
 472              		.thumb_func
 473              		.fpu fpv4-sp-d16
 475              	PendSV_Handler:
 476              	.LFB12:
 185:Src/stm32f4xx_it.c **** 
 186:Src/stm32f4xx_it.c **** void PendSV_Handler(void)
 187:Src/stm32f4xx_it.c **** {
 477              		.loc 1 187 0
 478              		.cfi_startproc
 479              		@ args = 0, pretend = 0, frame = 0
 480              		@ frame_needed = 0, uses_anonymous_args = 0
 481              		@ link register save eliminated.
 188:Src/stm32f4xx_it.c **** }
 482              		.loc 1 188 0
 483 0000 7047     		bx	lr
 484              		.cfi_endproc
 485              	.LFE12:
 487              		.section	.text.SysTick_Handler,"ax",%progbits
 488              		.align	1
 489              		.global	SysTick_Handler
 490              		.syntax unified
 491              		.thumb
 492              		.thumb_func
 493              		.fpu fpv4-sp-d16
 495              	SysTick_Handler:
 496              	.LFB13:
 189:Src/stm32f4xx_it.c **** 
 190:Src/stm32f4xx_it.c **** void SysTick_Handler(void)
 191:Src/stm32f4xx_it.c **** {
 497              		.loc 1 191 0
 498              		.cfi_startproc
 499              		@ args = 0, pretend = 0, frame = 0
 500              		@ frame_needed = 0, uses_anonymous_args = 0
 501              		@ link register save eliminated.
 192:Src/stm32f4xx_it.c **** }
 502              		.loc 1 192 0
 503 0000 7047     		bx	lr
 504              		.cfi_endproc
 505              	.LFE13:
 507              		.global	rx_data
 508              		.global	led_state
 509              		.section	.bss.led_state,"aw",%nobits
 510              		.align	2
 513              	led_state:
 514 0000 00000000 		.space	4
 515              		.section	.bss.rx_data,"aw",%nobits
 516              		.set	.LANCHOR0,. + 0
 519              	rx_data:
 520 0000 00       		.space	1
 521              		.text
 522              	.Letext0:
 523              		.file 2 "Inc/stm32f4xx_it.h"
 524              		.file 3 "Inc/gpio.h"
ARM GAS  E:\msys32\tmp\ccUAM9oM.s 			page 13


ARM GAS  E:\msys32\tmp\ccUAM9oM.s 			page 14


DEFINED SYMBOLS
                            *ABS*:00000000 stm32f4xx_it.c
E:\msys32\tmp\ccUAM9oM.s:18     .text.TIM2_IRQHandler:00000000 $t
E:\msys32\tmp\ccUAM9oM.s:25     .text.TIM2_IRQHandler:00000000 TIM2_IRQHandler
E:\msys32\tmp\ccUAM9oM.s:60     .text.TIM2_IRQHandler:00000020 $d
E:\msys32\tmp\ccUAM9oM.s:67     .text.EXTI1_IRQHandler:00000000 $t
E:\msys32\tmp\ccUAM9oM.s:74     .text.EXTI1_IRQHandler:00000000 EXTI1_IRQHandler
E:\msys32\tmp\ccUAM9oM.s:102    .text.EXTI1_IRQHandler:00000018 $d
E:\msys32\tmp\ccUAM9oM.s:108    .text.EXTI0_IRQHandler:00000000 $t
E:\msys32\tmp\ccUAM9oM.s:115    .text.EXTI0_IRQHandler:00000000 EXTI0_IRQHandler
E:\msys32\tmp\ccUAM9oM.s:144    .text.EXTI0_IRQHandler:0000001c $d
E:\msys32\tmp\ccUAM9oM.s:151    .text.init_interrupt:00000000 $t
E:\msys32\tmp\ccUAM9oM.s:158    .text.init_interrupt:00000000 init_interrupt
E:\msys32\tmp\ccUAM9oM.s:251    .text.init_interrupt:0000005c $d
E:\msys32\tmp\ccUAM9oM.s:260    .text.USART1_IRQHandler:00000000 $t
E:\msys32\tmp\ccUAM9oM.s:267    .text.USART1_IRQHandler:00000000 USART1_IRQHandler
E:\msys32\tmp\ccUAM9oM.s:317    .text.USART1_IRQHandler:00000034 $d
E:\msys32\tmp\ccUAM9oM.s:324    .text.NMI_Handler:00000000 $t
E:\msys32\tmp\ccUAM9oM.s:331    .text.NMI_Handler:00000000 NMI_Handler
E:\msys32\tmp\ccUAM9oM.s:344    .text.HardFault_Handler:00000000 $t
E:\msys32\tmp\ccUAM9oM.s:351    .text.HardFault_Handler:00000000 HardFault_Handler
E:\msys32\tmp\ccUAM9oM.s:365    .text.MemManage_Handler:00000000 $t
E:\msys32\tmp\ccUAM9oM.s:372    .text.MemManage_Handler:00000000 MemManage_Handler
E:\msys32\tmp\ccUAM9oM.s:386    .text.BusFault_Handler:00000000 $t
E:\msys32\tmp\ccUAM9oM.s:393    .text.BusFault_Handler:00000000 BusFault_Handler
E:\msys32\tmp\ccUAM9oM.s:407    .text.UsageFault_Handler:00000000 $t
E:\msys32\tmp\ccUAM9oM.s:414    .text.UsageFault_Handler:00000000 UsageFault_Handler
E:\msys32\tmp\ccUAM9oM.s:428    .text.SVC_Handler:00000000 $t
E:\msys32\tmp\ccUAM9oM.s:435    .text.SVC_Handler:00000000 SVC_Handler
E:\msys32\tmp\ccUAM9oM.s:448    .text.DebugMon_Handler:00000000 $t
E:\msys32\tmp\ccUAM9oM.s:455    .text.DebugMon_Handler:00000000 DebugMon_Handler
E:\msys32\tmp\ccUAM9oM.s:468    .text.PendSV_Handler:00000000 $t
E:\msys32\tmp\ccUAM9oM.s:475    .text.PendSV_Handler:00000000 PendSV_Handler
E:\msys32\tmp\ccUAM9oM.s:488    .text.SysTick_Handler:00000000 $t
E:\msys32\tmp\ccUAM9oM.s:495    .text.SysTick_Handler:00000000 SysTick_Handler
E:\msys32\tmp\ccUAM9oM.s:519    .bss.rx_data:00000000 rx_data
E:\msys32\tmp\ccUAM9oM.s:513    .bss.led_state:00000000 led_state
E:\msys32\tmp\ccUAM9oM.s:510    .bss.led_state:00000000 $d
E:\msys32\tmp\ccUAM9oM.s:520    .bss.rx_data:00000000 $d

UNDEFINED SYMBOLS
GPIO_TongglePin
delay
