ARM GAS  E:\msys32\tmp\ccnTHZ9K.s 			page 1


   1              		.cpu cortex-m4
   2              		.eabi_attribute 27, 1
   3              		.eabi_attribute 28, 1
   4              		.eabi_attribute 20, 1
   5              		.eabi_attribute 21, 1
   6              		.eabi_attribute 23, 3
   7              		.eabi_attribute 24, 1
   8              		.eabi_attribute 25, 1
   9              		.eabi_attribute 26, 1
  10              		.eabi_attribute 30, 1
  11              		.eabi_attribute 34, 1
  12              		.eabi_attribute 18, 4
  13              		.file	"stm32f4xx_it.c"
  14              		.text
  15              	.Ltext0:
  16              		.cfi_sections	.debug_frame
  17              		.section	.text.TIM2_IRQHandler,"ax",%progbits
  18              		.align	1
  19              		.global	TIM2_IRQHandler
  20              		.syntax unified
  21              		.thumb
  22              		.thumb_func
  23              		.fpu fpv4-sp-d16
  25              	TIM2_IRQHandler:
  26              	.LFB0:
  27              		.file 1 "Src/stm32f4xx_it.c"
   1:Src/stm32f4xx_it.c **** 
   2:Src/stm32f4xx_it.c **** #include "project.h"
   3:Src/stm32f4xx_it.c **** 
   4:Src/stm32f4xx_it.c **** volatile unsigned int led_state = 0;
   5:Src/stm32f4xx_it.c **** volatile unsigned char rx_data = 0;
   6:Src/stm32f4xx_it.c **** 
   7:Src/stm32f4xx_it.c **** void TIM2_IRQHandler(){
  28              		.loc 1 7 0
  29              		.cfi_startproc
  30              		@ args = 0, pretend = 0, frame = 0
  31              		@ frame_needed = 0, uses_anonymous_args = 0
  32 0000 08B5     		push	{r3, lr}
  33              	.LCFI0:
  34              		.cfi_def_cfa_offset 8
  35              		.cfi_offset 3, -8
  36              		.cfi_offset 14, -4
   8:Src/stm32f4xx_it.c ****  	unsigned temp_reg;
   9:Src/stm32f4xx_it.c **** 
  10:Src/stm32f4xx_it.c **** 	GPIO_TongglePin(GPIOD , (GPIO_PIN(12) | GPIO_PIN(13)| GPIO_PIN(14) |GPIO_PIN(15) ) );
  37              		.loc 1 10 0
  38 0002 4FF47041 		mov	r1, #61440
  39 0006 0648     		ldr	r0, .L3
  40 0008 FFF7FEFF 		bl	GPIO_TongglePin
  41              	.LVL0:
  11:Src/stm32f4xx_it.c **** 
  12:Src/stm32f4xx_it.c ****  // clear interrupt flag
  13:Src/stm32f4xx_it.c **** 	temp_reg = read_reg(TIM_SR(mTIM2) , ~(0x1u<<0));
  42              		.loc 1 13 0
  43 000c 054A     		ldr	r2, .L3+4
  44 000e 1368     		ldr	r3, [r2]
  45 0010 23F00103 		bic	r3, r3, #1
ARM GAS  E:\msys32\tmp\ccnTHZ9K.s 			page 2


  46              	.LVL1:
  14:Src/stm32f4xx_it.c ****     write_reg(TIM_SR(mTIM2) , temp_reg);
  47              		.loc 1 14 0
  48 0014 1360     		str	r3, [r2]
  15:Src/stm32f4xx_it.c ****     write_reg(NVIC_ICPR , (1 << 28) );
  49              		.loc 1 15 0
  50 0016 044B     		ldr	r3, .L3+8
  51              	.LVL2:
  52 0018 4FF08052 		mov	r2, #268435456
  53              	.LVL3:
  54 001c 1A60     		str	r2, [r3]
  16:Src/stm32f4xx_it.c **** 
  17:Src/stm32f4xx_it.c **** }
  55              		.loc 1 17 0
  56 001e 08BD     		pop	{r3, pc}
  57              	.L4:
  58              		.align	2
  59              	.L3:
  60 0020 000C0240 		.word	1073875968
  61 0024 10000040 		.word	1073741840
  62 0028 80E200E0 		.word	-536812928
  63              		.cfi_endproc
  64              	.LFE0:
  66              		.section	.text.EXTI1_IRQHandler,"ax",%progbits
  67              		.align	1
  68              		.global	EXTI1_IRQHandler
  69              		.syntax unified
  70              		.thumb
  71              		.thumb_func
  72              		.fpu fpv4-sp-d16
  74              	EXTI1_IRQHandler:
  75              	.LFB1:
  18:Src/stm32f4xx_it.c **** 
  19:Src/stm32f4xx_it.c **** void EXTI1_IRQHandler(){
  76              		.loc 1 19 0
  77              		.cfi_startproc
  78              		@ args = 0, pretend = 0, frame = 0
  79              		@ frame_needed = 0, uses_anonymous_args = 0
  80 0000 08B5     		push	{r3, lr}
  81              	.LCFI1:
  82              		.cfi_def_cfa_offset 8
  83              		.cfi_offset 3, -8
  84              		.cfi_offset 14, -4
  20:Src/stm32f4xx_it.c **** 	unsigned int temp_reg;
  21:Src/stm32f4xx_it.c **** 	delay(0xfff);
  85              		.loc 1 21 0
  86 0002 40F6FF70 		movw	r0, #4095
  87 0006 FFF7FEFF 		bl	delay
  88              	.LVL4:
  22:Src/stm32f4xx_it.c **** 	 // clear interrupt flag
  23:Src/stm32f4xx_it.c **** 	temp_reg = (1 <<1) ;
  24:Src/stm32f4xx_it.c **** 	write_reg(EXTI_PR , temp_reg );
  89              		.loc 1 24 0
  90 000a 034B     		ldr	r3, .L7
  91 000c 0222     		movs	r2, #2
  92 000e 1A60     		str	r2, [r3]
  25:Src/stm32f4xx_it.c **** 	write_reg(NVIC_ICPR , (1 << 7) );
ARM GAS  E:\msys32\tmp\ccnTHZ9K.s 			page 3


  93              		.loc 1 25 0
  94 0010 024B     		ldr	r3, .L7+4
  95 0012 8022     		movs	r2, #128
  96 0014 1A60     		str	r2, [r3]
  26:Src/stm32f4xx_it.c **** }
  97              		.loc 1 26 0
  98 0016 08BD     		pop	{r3, pc}
  99              	.L8:
 100              		.align	2
 101              	.L7:
 102 0018 143C0140 		.word	1073822740
 103 001c 80E200E0 		.word	-536812928
 104              		.cfi_endproc
 105              	.LFE1:
 107              		.section	.text.EXTI0_IRQHandler,"ax",%progbits
 108              		.align	1
 109              		.global	EXTI0_IRQHandler
 110              		.syntax unified
 111              		.thumb
 112              		.thumb_func
 113              		.fpu fpv4-sp-d16
 115              	EXTI0_IRQHandler:
 116              	.LFB2:
  27:Src/stm32f4xx_it.c **** void EXTI0_IRQHandler(){
 117              		.loc 1 27 0
 118              		.cfi_startproc
 119              		@ args = 0, pretend = 0, frame = 0
 120              		@ frame_needed = 0, uses_anonymous_args = 0
 121 0000 08B5     		push	{r3, lr}
 122              	.LCFI2:
 123              		.cfi_def_cfa_offset 8
 124              		.cfi_offset 3, -8
 125              		.cfi_offset 14, -4
  28:Src/stm32f4xx_it.c **** 	unsigned int temp_reg;
  29:Src/stm32f4xx_it.c **** 	
  30:Src/stm32f4xx_it.c **** 	GPIO_TongglePin(GPIOD , GPIO_PIN(15));
 126              		.loc 1 30 0
 127 0002 4FF40041 		mov	r1, #32768
 128 0006 0548     		ldr	r0, .L11
 129 0008 FFF7FEFF 		bl	GPIO_TongglePin
 130              	.LVL5:
  31:Src/stm32f4xx_it.c **** 	
  32:Src/stm32f4xx_it.c **** 	// xoa co ngat 
  33:Src/stm32f4xx_it.c **** 	temp_reg = (1 <<0) ;
  34:Src/stm32f4xx_it.c **** 	write_reg(EXTI_PR , temp_reg );
 131              		.loc 1 34 0
 132 000c 044B     		ldr	r3, .L11+4
 133 000e 0122     		movs	r2, #1
 134 0010 1A60     		str	r2, [r3]
  35:Src/stm32f4xx_it.c **** 	write_reg(NVIC_ICPR , (1 << 6) );
 135              		.loc 1 35 0
 136 0012 044B     		ldr	r3, .L11+8
 137 0014 4022     		movs	r2, #64
 138 0016 1A60     		str	r2, [r3]
  36:Src/stm32f4xx_it.c **** 	
  37:Src/stm32f4xx_it.c **** }
 139              		.loc 1 37 0
ARM GAS  E:\msys32\tmp\ccnTHZ9K.s 			page 4


 140 0018 08BD     		pop	{r3, pc}
 141              	.L12:
 142 001a 00BF     		.align	2
 143              	.L11:
 144 001c 000C0240 		.word	1073875968
 145 0020 143C0140 		.word	1073822740
 146 0024 80E200E0 		.word	-536812928
 147              		.cfi_endproc
 148              	.LFE2:
 150              		.section	.text.init_interrupt,"ax",%progbits
 151              		.align	1
 152              		.global	init_interrupt
 153              		.syntax unified
 154              		.thumb
 155              		.thumb_func
 156              		.fpu fpv4-sp-d16
 158              	init_interrupt:
 159              	.LFB3:
  38:Src/stm32f4xx_it.c **** 
  39:Src/stm32f4xx_it.c **** void init_interrupt( ){
 160              		.loc 1 39 0
 161              		.cfi_startproc
 162              		@ args = 0, pretend = 0, frame = 0
 163              		@ frame_needed = 0, uses_anonymous_args = 0
 164              		@ link register save eliminated.
  40:Src/stm32f4xx_it.c **** 	unsigned int temp_reg;
  41:Src/stm32f4xx_it.c **** //EXTI_IMR enable 2 interrupt EXTI0 , EXTI1
  42:Src/stm32f4xx_it.c **** 	temp_reg = read_reg(EXTI_IMR , ~(0x03<< 0));
 165              		.loc 1 42 0
 166 0000 1A4A     		ldr	r2, .L14
 167 0002 1368     		ldr	r3, [r2]
 168              	.LVL6:
  43:Src/stm32f4xx_it.c **** 	temp_reg  = temp_reg | (0x03<< 0 );
 169              		.loc 1 43 0
 170 0004 43F00303 		orr	r3, r3, #3
 171              	.LVL7:
  44:Src/stm32f4xx_it.c **** 	write_reg(EXTI_IMR , temp_reg );
 172              		.loc 1 44 0
 173 0008 1360     		str	r3, [r2]
  45:Src/stm32f4xx_it.c **** 	
  46:Src/stm32f4xx_it.c **** 	
  47:Src/stm32f4xx_it.c **** 	/////////////////////////////
  48:Src/stm32f4xx_it.c **** 	//raising for button1 
  49:Src/stm32f4xx_it.c **** 	temp_reg = read_reg(EXTI_RTSR , ~(1<< 0));
 174              		.loc 1 49 0
 175 000a 0832     		adds	r2, r2, #8
 176 000c 1368     		ldr	r3, [r2]
 177              	.LVL8:
  50:Src/stm32f4xx_it.c **** 	temp_reg  = temp_reg | (1<< 0 );
  51:Src/stm32f4xx_it.c **** 	write_reg(EXTI_RTSR , temp_reg );
  52:Src/stm32f4xx_it.c **** 	
  53:Src/stm32f4xx_it.c **** 	// raising for button1
  54:Src/stm32f4xx_it.c **** 	temp_reg = read_reg(EXTI_RTSR , ~(1u<< 1));
  55:Src/stm32f4xx_it.c **** 	temp_reg  = temp_reg | (1u << 1 );
 178              		.loc 1 55 0
 179 000e 43F00303 		orr	r3, r3, #3
 180              	.LVL9:
ARM GAS  E:\msys32\tmp\ccnTHZ9K.s 			page 5


  56:Src/stm32f4xx_it.c **** 	write_reg(EXTI_RTSR , temp_reg );
 181              		.loc 1 56 0
 182 0012 1360     		str	r3, [r2]
  57:Src/stm32f4xx_it.c **** 	
  58:Src/stm32f4xx_it.c **** 	/////////////////////////////
  59:Src/stm32f4xx_it.c **** // syscfg
  60:Src/stm32f4xx_it.c **** 	
  61:Src/stm32f4xx_it.c **** 	//FOR EXTI0
  62:Src/stm32f4xx_it.c **** 	temp_reg = read_reg(SYSCFG_EXTICR1 , ~(0x0F<< 0));
 183              		.loc 1 62 0
 184 0014 A2F58062 		sub	r2, r2, #1024
 185 0018 1368     		ldr	r3, [r2]
 186              	.LVL10:
  63:Src/stm32f4xx_it.c **** 	temp_reg  = temp_reg | (0 << 0 );
  64:Src/stm32f4xx_it.c **** 	write_reg(SYSCFG_EXTICR1 , temp_reg );
  65:Src/stm32f4xx_it.c **** 	
  66:Src/stm32f4xx_it.c **** 	//FOR EXTI1
  67:Src/stm32f4xx_it.c **** 	temp_reg = read_reg(SYSCFG_EXTICR1 , ~(0x0F<< 4));
 187              		.loc 1 67 0
 188 001a 23F0FF03 		bic	r3, r3, #255
 189              	.LVL11:
  68:Src/stm32f4xx_it.c **** 	temp_reg  = temp_reg | (0 << 4 );
  69:Src/stm32f4xx_it.c **** 	write_reg(SYSCFG_EXTICR1 , temp_reg );
 190              		.loc 1 69 0
 191 001e 1360     		str	r3, [r2]
  70:Src/stm32f4xx_it.c **** 	
  71:Src/stm32f4xx_it.c **** 	//////////////////////////////
  72:Src/stm32f4xx_it.c **** 	
  73:Src/stm32f4xx_it.c **** //NVIC	
  74:Src/stm32f4xx_it.c **** 	//FOR EXTI0
  75:Src/stm32f4xx_it.c **** 	temp_reg = read_reg(NVIC_IPR(0) , ~(0xFF << 16));
 192              		.loc 1 75 0
 193 0020 134A     		ldr	r2, .L14+4
 194 0022 1368     		ldr	r3, [r2]
 195              	.LVL12:
 196 0024 23F47F03 		bic	r3, r3, #16711680
 197              	.LVL13:
  76:Src/stm32f4xx_it.c **** 	temp_reg  = temp_reg | (1u << 22 );
 198              		.loc 1 76 0
 199 0028 43F48003 		orr	r3, r3, #4194304
 200              	.LVL14:
  77:Src/stm32f4xx_it.c **** 	write_reg(NVIC_IPR(0), temp_reg );
  78:Src/stm32f4xx_it.c **** 	
  79:Src/stm32f4xx_it.c **** 	//FOR EXTI0	
  80:Src/stm32f4xx_it.c **** 	temp_reg = read_reg(NVIC_IPR(0) , ~(0xFF << 24));
 201              		.loc 1 80 0
 202 002c 23F07F43 		bic	r3, r3, #-16777216
 203              	.LVL15:
  81:Src/stm32f4xx_it.c **** 	temp_reg  = temp_reg | (0x01 << 30 );
 204              		.loc 1 81 0
 205 0030 43F08043 		orr	r3, r3, #1073741824
 206              	.LVL16:
  82:Src/stm32f4xx_it.c **** 	write_reg(NVIC_IPR(0) , temp_reg );
 207              		.loc 1 82 0
 208 0034 1360     		str	r3, [r2]
  83:Src/stm32f4xx_it.c **** 	
  84:Src/stm32f4xx_it.c **** 	
ARM GAS  E:\msys32\tmp\ccnTHZ9K.s 			page 6


  85:Src/stm32f4xx_it.c **** 	//////////////////////////////
  86:Src/stm32f4xx_it.c **** 	// enable nvic
  87:Src/stm32f4xx_it.c **** 	
  88:Src/stm32f4xx_it.c **** 	//EXTI0
  89:Src/stm32f4xx_it.c **** 	temp_reg = read_reg(NVIC_ISER(0) , ~(0x01<< 6));
 209              		.loc 1 89 0
 210 0036 A2F54072 		sub	r2, r2, #768
 211 003a 1368     		ldr	r3, [r2]
 212              	.LVL17:
  90:Src/stm32f4xx_it.c **** 	temp_reg  = temp_reg | (1 << 6 );
  91:Src/stm32f4xx_it.c **** 	write_reg(NVIC_ISER(0)  , temp_reg );
  92:Src/stm32f4xx_it.c **** 	
  93:Src/stm32f4xx_it.c **** 	//EXTI1
  94:Src/stm32f4xx_it.c **** 	temp_reg = read_reg(NVIC_ISER(0) , ~(0x01<< 7));
  95:Src/stm32f4xx_it.c **** 	temp_reg  = temp_reg | (1 << 7 );
 213              		.loc 1 95 0
 214 003c 43F0C003 		orr	r3, r3, #192
 215              	.LVL18:
  96:Src/stm32f4xx_it.c **** 	write_reg(NVIC_ISER(0)  , temp_reg );
 216              		.loc 1 96 0
 217 0040 1360     		str	r3, [r2]
  97:Src/stm32f4xx_it.c **** 	
  98:Src/stm32f4xx_it.c **** 	//////////////////////////////
  99:Src/stm32f4xx_it.c **** 	/* usart1 */
 100:Src/stm32f4xx_it.c **** 
 101:Src/stm32f4xx_it.c **** 	
 102:Src/stm32f4xx_it.c ****     /* Tx interrupt */
 103:Src/stm32f4xx_it.c ****     temp_reg = read_reg(USART_CR1, ~(1 << 6));
 218              		.loc 1 103 0
 219 0042 0C4A     		ldr	r2, .L14+8
 220 0044 1368     		ldr	r3, [r2]
 221              	.LVL19:
 104:Src/stm32f4xx_it.c ****     temp_reg |= (1 << 6);
 105:Src/stm32f4xx_it.c ****     write_reg(USART_CR1, temp_reg);
 106:Src/stm32f4xx_it.c **** 
 107:Src/stm32f4xx_it.c ****     /* Rx interrupt - RXNEIE */
 108:Src/stm32f4xx_it.c ****     temp_reg = read_reg(USART_CR1, ~(1 << 5));
 109:Src/stm32f4xx_it.c ****     temp_reg |= (1 << 5);
 222              		.loc 1 109 0
 223 0046 43F06003 		orr	r3, r3, #96
 224              	.LVL20:
 110:Src/stm32f4xx_it.c ****     write_reg(USART_CR1, temp_reg);
 225              		.loc 1 110 0
 226 004a 1360     		str	r3, [r2]
 111:Src/stm32f4xx_it.c ****     
 112:Src/stm32f4xx_it.c **** 	
 113:Src/stm32f4xx_it.c **** 	//UART1 
 114:Src/stm32f4xx_it.c ****     // 37  = 9*4 + 1
 115:Src/stm32f4xx_it.c **** 	temp_reg = read_reg(NVIC_IPR(9), ~(0xFF << 8));
 227              		.loc 1 115 0
 228 004c 0A4A     		ldr	r2, .L14+12
 229 004e 1368     		ldr	r3, [r2]
 230              	.LVL21:
 231 0050 23F47F43 		bic	r3, r3, #65280
 232              	.LVL22:
 116:Src/stm32f4xx_it.c ****     temp_reg |= 0x01 << 6;
 233              		.loc 1 116 0
ARM GAS  E:\msys32\tmp\ccnTHZ9K.s 			page 7


 234 0054 43F04003 		orr	r3, r3, #64
 235              	.LVL23:
 117:Src/stm32f4xx_it.c ****     write_reg(NVIC_IPR(9), temp_reg);
 236              		.loc 1 117 0
 237 0058 1360     		str	r3, [r2]
 118:Src/stm32f4xx_it.c **** 	
 119:Src/stm32f4xx_it.c **** 	// 37  = 32 + 5
 120:Src/stm32f4xx_it.c ****     temp_reg = read_reg(NVIC_ISER(1), ~(1 << 5));
 238              		.loc 1 120 0
 239 005a A2F54872 		sub	r2, r2, #800
 240 005e 1368     		ldr	r3, [r2]
 241              	.LVL24:
 121:Src/stm32f4xx_it.c ****     temp_reg |= 1 << 5;
 242              		.loc 1 121 0
 243 0060 43F02003 		orr	r3, r3, #32
 244              	.LVL25:
 122:Src/stm32f4xx_it.c ****     write_reg(NVIC_ISER(1), temp_reg);
 245              		.loc 1 122 0
 246 0064 1360     		str	r3, [r2]
 123:Src/stm32f4xx_it.c **** 	////
 124:Src/stm32f4xx_it.c **** 
 125:Src/stm32f4xx_it.c **** 
 126:Src/stm32f4xx_it.c ****     asm("cpsie i") ;	
 247              		.loc 1 126 0
 248              		.syntax unified
 249              	@ 126 "Src/stm32f4xx_it.c" 1
 250 0066 62B6     		cpsie i
 251              	@ 0 "" 2
 127:Src/stm32f4xx_it.c **** 	
 128:Src/stm32f4xx_it.c **** }
 252              		.loc 1 128 0
 253              		.thumb
 254              		.syntax unified
 255 0068 7047     		bx	lr
 256              	.L15:
 257 006a 00BF     		.align	2
 258              	.L14:
 259 006c 003C0140 		.word	1073822720
 260 0070 00E400E0 		.word	-536812544
 261 0074 0C100140 		.word	1073811468
 262 0078 24E400E0 		.word	-536812508
 263              		.cfi_endproc
 264              	.LFE3:
 266              		.section	.text.USART1_IRQHandler,"ax",%progbits
 267              		.align	1
 268              		.global	USART1_IRQHandler
 269              		.syntax unified
 270              		.thumb
 271              		.thumb_func
 272              		.fpu fpv4-sp-d16
 274              	USART1_IRQHandler:
 275              	.LFB4:
 129:Src/stm32f4xx_it.c **** 
 130:Src/stm32f4xx_it.c **** 
 131:Src/stm32f4xx_it.c **** void USART1_IRQHandler(void)
 132:Src/stm32f4xx_it.c **** {
 276              		.loc 1 132 0
ARM GAS  E:\msys32\tmp\ccnTHZ9K.s 			page 8


 277              		.cfi_startproc
 278              		@ args = 0, pretend = 0, frame = 8
 279              		@ frame_needed = 0, uses_anonymous_args = 0
 280              		@ link register save eliminated.
 281 0000 82B0     		sub	sp, sp, #8
 282              	.LCFI3:
 283              		.cfi_def_cfa_offset 8
 133:Src/stm32f4xx_it.c ****     volatile unsigned int temp;
 134:Src/stm32f4xx_it.c **** 	unsigned  int temp_reg;
 135:Src/stm32f4xx_it.c ****     
 136:Src/stm32f4xx_it.c ****     temp = read_reg(USART_SR, 1 << 6);
 284              		.loc 1 136 0
 285 0002 0C4B     		ldr	r3, .L20
 286 0004 1B68     		ldr	r3, [r3]
 287 0006 03F04003 		and	r3, r3, #64
 288 000a 0193     		str	r3, [sp, #4]
 137:Src/stm32f4xx_it.c ****     if (0 != temp) /* Tx - TC flag */
 289              		.loc 1 137 0
 290 000c 019B     		ldr	r3, [sp, #4]
 291 000e 23B1     		cbz	r3, .L17
 138:Src/stm32f4xx_it.c ****     {
 139:Src/stm32f4xx_it.c **** 		// clear flag tc
 140:Src/stm32f4xx_it.c **** 		temp_reg = read_reg(USART_SR , ~(1u << 6));
 292              		.loc 1 140 0
 293 0010 084A     		ldr	r2, .L20
 294 0012 1368     		ldr	r3, [r2]
 295 0014 23F04003 		bic	r3, r3, #64
 296              	.LVL26:
 141:Src/stm32f4xx_it.c **** 		temp_reg |= (0u << 6);
 142:Src/stm32f4xx_it.c ****         write_reg(USART_SR, temp_reg);
 297              		.loc 1 142 0
 298 0018 1360     		str	r3, [r2]
 299              	.LVL27:
 300              	.L17:
 143:Src/stm32f4xx_it.c **** 		
 144:Src/stm32f4xx_it.c ****     }
 145:Src/stm32f4xx_it.c ****     temp = read_reg(USART_SR, 1 << 5);
 301              		.loc 1 145 0
 302 001a 064B     		ldr	r3, .L20
 303 001c 1B68     		ldr	r3, [r3]
 304 001e 03F02003 		and	r3, r3, #32
 305 0022 0193     		str	r3, [sp, #4]
 146:Src/stm32f4xx_it.c ****     if (0 != temp)  /* Rx - RXNE flag */
 306              		.loc 1 146 0
 307 0024 019B     		ldr	r3, [sp, #4]
 308 0026 1BB1     		cbz	r3, .L16
 147:Src/stm32f4xx_it.c ****     {
 148:Src/stm32f4xx_it.c ****         rx_data = read_reg(USART_DR , 0x000000FF);
 309              		.loc 1 148 0
 310 0028 034B     		ldr	r3, .L20+4
 311 002a 1A78     		ldrb	r2, [r3]	@ zero_extendqisi2
 312 002c 034B     		ldr	r3, .L20+8
 313 002e 1A70     		strb	r2, [r3]
 314              	.L16:
 149:Src/stm32f4xx_it.c ****     }
 150:Src/stm32f4xx_it.c **** }
 315              		.loc 1 150 0
ARM GAS  E:\msys32\tmp\ccnTHZ9K.s 			page 9


 316 0030 02B0     		add	sp, sp, #8
 317              	.LCFI4:
 318              		.cfi_def_cfa_offset 0
 319              		@ sp needed
 320 0032 7047     		bx	lr
 321              	.L21:
 322              		.align	2
 323              	.L20:
 324 0034 00100140 		.word	1073811456
 325 0038 04100140 		.word	1073811460
 326 003c 00000000 		.word	.LANCHOR0
 327              		.cfi_endproc
 328              	.LFE4:
 330              		.section	.text.NMI_Handler,"ax",%progbits
 331              		.align	1
 332              		.global	NMI_Handler
 333              		.syntax unified
 334              		.thumb
 335              		.thumb_func
 336              		.fpu fpv4-sp-d16
 338              	NMI_Handler:
 339              	.LFB5:
 151:Src/stm32f4xx_it.c **** 
 152:Src/stm32f4xx_it.c **** void NMI_Handler(void)
 153:Src/stm32f4xx_it.c **** {
 340              		.loc 1 153 0
 341              		.cfi_startproc
 342              		@ args = 0, pretend = 0, frame = 0
 343              		@ frame_needed = 0, uses_anonymous_args = 0
 344              		@ link register save eliminated.
 154:Src/stm32f4xx_it.c **** }
 345              		.loc 1 154 0
 346 0000 7047     		bx	lr
 347              		.cfi_endproc
 348              	.LFE5:
 350              		.section	.text.HardFault_Handler,"ax",%progbits
 351              		.align	1
 352              		.global	HardFault_Handler
 353              		.syntax unified
 354              		.thumb
 355              		.thumb_func
 356              		.fpu fpv4-sp-d16
 358              	HardFault_Handler:
 359              	.LFB6:
 155:Src/stm32f4xx_it.c **** 
 156:Src/stm32f4xx_it.c **** void HardFault_Handler(void)
 157:Src/stm32f4xx_it.c **** {
 360              		.loc 1 157 0
 361              		.cfi_startproc
 362              		@ Volatile: function does not return.
 363              		@ args = 0, pretend = 0, frame = 0
 364              		@ frame_needed = 0, uses_anonymous_args = 0
 365              		@ link register save eliminated.
 366              	.L24:
 367 0000 FEE7     		b	.L24
 368              		.cfi_endproc
 369              	.LFE6:
ARM GAS  E:\msys32\tmp\ccnTHZ9K.s 			page 10


 371              		.section	.text.MemManage_Handler,"ax",%progbits
 372              		.align	1
 373              		.global	MemManage_Handler
 374              		.syntax unified
 375              		.thumb
 376              		.thumb_func
 377              		.fpu fpv4-sp-d16
 379              	MemManage_Handler:
 380              	.LFB7:
 158:Src/stm32f4xx_it.c ****   while (1)
 159:Src/stm32f4xx_it.c ****   {
 160:Src/stm32f4xx_it.c ****   }
 161:Src/stm32f4xx_it.c **** }
 162:Src/stm32f4xx_it.c **** void MemManage_Handler(void)
 163:Src/stm32f4xx_it.c **** {
 381              		.loc 1 163 0
 382              		.cfi_startproc
 383              		@ Volatile: function does not return.
 384              		@ args = 0, pretend = 0, frame = 0
 385              		@ frame_needed = 0, uses_anonymous_args = 0
 386              		@ link register save eliminated.
 387              	.L26:
 388 0000 FEE7     		b	.L26
 389              		.cfi_endproc
 390              	.LFE7:
 392              		.section	.text.BusFault_Handler,"ax",%progbits
 393              		.align	1
 394              		.global	BusFault_Handler
 395              		.syntax unified
 396              		.thumb
 397              		.thumb_func
 398              		.fpu fpv4-sp-d16
 400              	BusFault_Handler:
 401              	.LFB8:
 164:Src/stm32f4xx_it.c ****   while (1)
 165:Src/stm32f4xx_it.c ****   {
 166:Src/stm32f4xx_it.c ****   }
 167:Src/stm32f4xx_it.c **** }
 168:Src/stm32f4xx_it.c **** 
 169:Src/stm32f4xx_it.c **** void BusFault_Handler(void)
 170:Src/stm32f4xx_it.c **** {
 402              		.loc 1 170 0
 403              		.cfi_startproc
 404              		@ Volatile: function does not return.
 405              		@ args = 0, pretend = 0, frame = 0
 406              		@ frame_needed = 0, uses_anonymous_args = 0
 407              		@ link register save eliminated.
 408              	.L28:
 409 0000 FEE7     		b	.L28
 410              		.cfi_endproc
 411              	.LFE8:
 413              		.section	.text.UsageFault_Handler,"ax",%progbits
 414              		.align	1
 415              		.global	UsageFault_Handler
 416              		.syntax unified
 417              		.thumb
 418              		.thumb_func
ARM GAS  E:\msys32\tmp\ccnTHZ9K.s 			page 11


 419              		.fpu fpv4-sp-d16
 421              	UsageFault_Handler:
 422              	.LFB9:
 171:Src/stm32f4xx_it.c ****   while (1)
 172:Src/stm32f4xx_it.c ****   {
 173:Src/stm32f4xx_it.c ****   }
 174:Src/stm32f4xx_it.c **** 
 175:Src/stm32f4xx_it.c **** }
 176:Src/stm32f4xx_it.c **** 
 177:Src/stm32f4xx_it.c **** void UsageFault_Handler(void)
 178:Src/stm32f4xx_it.c **** {
 423              		.loc 1 178 0
 424              		.cfi_startproc
 425              		@ Volatile: function does not return.
 426              		@ args = 0, pretend = 0, frame = 0
 427              		@ frame_needed = 0, uses_anonymous_args = 0
 428              		@ link register save eliminated.
 429              	.L30:
 430 0000 FEE7     		b	.L30
 431              		.cfi_endproc
 432              	.LFE9:
 434              		.section	.text.SVC_Handler,"ax",%progbits
 435              		.align	1
 436              		.global	SVC_Handler
 437              		.syntax unified
 438              		.thumb
 439              		.thumb_func
 440              		.fpu fpv4-sp-d16
 442              	SVC_Handler:
 443              	.LFB10:
 179:Src/stm32f4xx_it.c ****   while (1)
 180:Src/stm32f4xx_it.c ****   {
 181:Src/stm32f4xx_it.c ****   }
 182:Src/stm32f4xx_it.c **** }
 183:Src/stm32f4xx_it.c **** void SVC_Handler(void)
 184:Src/stm32f4xx_it.c **** {
 444              		.loc 1 184 0
 445              		.cfi_startproc
 446              		@ args = 0, pretend = 0, frame = 0
 447              		@ frame_needed = 0, uses_anonymous_args = 0
 448              		@ link register save eliminated.
 185:Src/stm32f4xx_it.c **** }
 449              		.loc 1 185 0
 450 0000 7047     		bx	lr
 451              		.cfi_endproc
 452              	.LFE10:
 454              		.section	.text.DebugMon_Handler,"ax",%progbits
 455              		.align	1
 456              		.global	DebugMon_Handler
 457              		.syntax unified
 458              		.thumb
 459              		.thumb_func
 460              		.fpu fpv4-sp-d16
 462              	DebugMon_Handler:
 463              	.LFB11:
 186:Src/stm32f4xx_it.c **** 
 187:Src/stm32f4xx_it.c **** void DebugMon_Handler(void)
ARM GAS  E:\msys32\tmp\ccnTHZ9K.s 			page 12


 188:Src/stm32f4xx_it.c **** {
 464              		.loc 1 188 0
 465              		.cfi_startproc
 466              		@ args = 0, pretend = 0, frame = 0
 467              		@ frame_needed = 0, uses_anonymous_args = 0
 468              		@ link register save eliminated.
 189:Src/stm32f4xx_it.c **** }
 469              		.loc 1 189 0
 470 0000 7047     		bx	lr
 471              		.cfi_endproc
 472              	.LFE11:
 474              		.section	.text.PendSV_Handler,"ax",%progbits
 475              		.align	1
 476              		.global	PendSV_Handler
 477              		.syntax unified
 478              		.thumb
 479              		.thumb_func
 480              		.fpu fpv4-sp-d16
 482              	PendSV_Handler:
 483              	.LFB12:
 190:Src/stm32f4xx_it.c **** 
 191:Src/stm32f4xx_it.c **** void PendSV_Handler(void)
 192:Src/stm32f4xx_it.c **** {
 484              		.loc 1 192 0
 485              		.cfi_startproc
 486              		@ args = 0, pretend = 0, frame = 0
 487              		@ frame_needed = 0, uses_anonymous_args = 0
 488              		@ link register save eliminated.
 193:Src/stm32f4xx_it.c **** }
 489              		.loc 1 193 0
 490 0000 7047     		bx	lr
 491              		.cfi_endproc
 492              	.LFE12:
 494              		.section	.text.SysTick_Handler,"ax",%progbits
 495              		.align	1
 496              		.global	SysTick_Handler
 497              		.syntax unified
 498              		.thumb
 499              		.thumb_func
 500              		.fpu fpv4-sp-d16
 502              	SysTick_Handler:
 503              	.LFB13:
 194:Src/stm32f4xx_it.c **** 
 195:Src/stm32f4xx_it.c **** void SysTick_Handler(void)
 196:Src/stm32f4xx_it.c **** {
 504              		.loc 1 196 0
 505              		.cfi_startproc
 506              		@ args = 0, pretend = 0, frame = 0
 507              		@ frame_needed = 0, uses_anonymous_args = 0
 508              		@ link register save eliminated.
 197:Src/stm32f4xx_it.c **** }
 509              		.loc 1 197 0
 510 0000 7047     		bx	lr
 511              		.cfi_endproc
 512              	.LFE13:
 514              		.global	rx_data
 515              		.global	led_state
ARM GAS  E:\msys32\tmp\ccnTHZ9K.s 			page 13


 516              		.section	.bss.led_state,"aw",%nobits
 517              		.align	2
 520              	led_state:
 521 0000 00000000 		.space	4
 522              		.section	.bss.rx_data,"aw",%nobits
 523              		.set	.LANCHOR0,. + 0
 526              	rx_data:
 527 0000 00       		.space	1
 528              		.text
 529              	.Letext0:
 530              		.file 2 "Inc/stm32f4xx_it.h"
 531              		.file 3 "Inc/gpio.h"
ARM GAS  E:\msys32\tmp\ccnTHZ9K.s 			page 14


DEFINED SYMBOLS
                            *ABS*:00000000 stm32f4xx_it.c
E:\msys32\tmp\ccnTHZ9K.s:18     .text.TIM2_IRQHandler:00000000 $t
E:\msys32\tmp\ccnTHZ9K.s:25     .text.TIM2_IRQHandler:00000000 TIM2_IRQHandler
E:\msys32\tmp\ccnTHZ9K.s:60     .text.TIM2_IRQHandler:00000020 $d
E:\msys32\tmp\ccnTHZ9K.s:67     .text.EXTI1_IRQHandler:00000000 $t
E:\msys32\tmp\ccnTHZ9K.s:74     .text.EXTI1_IRQHandler:00000000 EXTI1_IRQHandler
E:\msys32\tmp\ccnTHZ9K.s:102    .text.EXTI1_IRQHandler:00000018 $d
E:\msys32\tmp\ccnTHZ9K.s:108    .text.EXTI0_IRQHandler:00000000 $t
E:\msys32\tmp\ccnTHZ9K.s:115    .text.EXTI0_IRQHandler:00000000 EXTI0_IRQHandler
E:\msys32\tmp\ccnTHZ9K.s:144    .text.EXTI0_IRQHandler:0000001c $d
E:\msys32\tmp\ccnTHZ9K.s:151    .text.init_interrupt:00000000 $t
E:\msys32\tmp\ccnTHZ9K.s:158    .text.init_interrupt:00000000 init_interrupt
E:\msys32\tmp\ccnTHZ9K.s:259    .text.init_interrupt:0000006c $d
E:\msys32\tmp\ccnTHZ9K.s:267    .text.USART1_IRQHandler:00000000 $t
E:\msys32\tmp\ccnTHZ9K.s:274    .text.USART1_IRQHandler:00000000 USART1_IRQHandler
E:\msys32\tmp\ccnTHZ9K.s:324    .text.USART1_IRQHandler:00000034 $d
E:\msys32\tmp\ccnTHZ9K.s:331    .text.NMI_Handler:00000000 $t
E:\msys32\tmp\ccnTHZ9K.s:338    .text.NMI_Handler:00000000 NMI_Handler
E:\msys32\tmp\ccnTHZ9K.s:351    .text.HardFault_Handler:00000000 $t
E:\msys32\tmp\ccnTHZ9K.s:358    .text.HardFault_Handler:00000000 HardFault_Handler
E:\msys32\tmp\ccnTHZ9K.s:372    .text.MemManage_Handler:00000000 $t
E:\msys32\tmp\ccnTHZ9K.s:379    .text.MemManage_Handler:00000000 MemManage_Handler
E:\msys32\tmp\ccnTHZ9K.s:393    .text.BusFault_Handler:00000000 $t
E:\msys32\tmp\ccnTHZ9K.s:400    .text.BusFault_Handler:00000000 BusFault_Handler
E:\msys32\tmp\ccnTHZ9K.s:414    .text.UsageFault_Handler:00000000 $t
E:\msys32\tmp\ccnTHZ9K.s:421    .text.UsageFault_Handler:00000000 UsageFault_Handler
E:\msys32\tmp\ccnTHZ9K.s:435    .text.SVC_Handler:00000000 $t
E:\msys32\tmp\ccnTHZ9K.s:442    .text.SVC_Handler:00000000 SVC_Handler
E:\msys32\tmp\ccnTHZ9K.s:455    .text.DebugMon_Handler:00000000 $t
E:\msys32\tmp\ccnTHZ9K.s:462    .text.DebugMon_Handler:00000000 DebugMon_Handler
E:\msys32\tmp\ccnTHZ9K.s:475    .text.PendSV_Handler:00000000 $t
E:\msys32\tmp\ccnTHZ9K.s:482    .text.PendSV_Handler:00000000 PendSV_Handler
E:\msys32\tmp\ccnTHZ9K.s:495    .text.SysTick_Handler:00000000 $t
E:\msys32\tmp\ccnTHZ9K.s:502    .text.SysTick_Handler:00000000 SysTick_Handler
E:\msys32\tmp\ccnTHZ9K.s:526    .bss.rx_data:00000000 rx_data
E:\msys32\tmp\ccnTHZ9K.s:520    .bss.led_state:00000000 led_state
E:\msys32\tmp\ccnTHZ9K.s:517    .bss.led_state:00000000 $d
E:\msys32\tmp\ccnTHZ9K.s:527    .bss.rx_data:00000000 $d

UNDEFINED SYMBOLS
GPIO_TongglePin
delay
