ARM GAS  E:\msys32\tmp\cc2XkZB8.s 			page 1


   1              		.cpu cortex-m4
   2              		.eabi_attribute 27, 1
   3              		.eabi_attribute 28, 1
   4              		.eabi_attribute 20, 1
   5              		.eabi_attribute 21, 1
   6              		.eabi_attribute 23, 3
   7              		.eabi_attribute 24, 1
   8              		.eabi_attribute 25, 1
   9              		.eabi_attribute 26, 1
  10              		.eabi_attribute 30, 1
  11              		.eabi_attribute 34, 1
  12              		.eabi_attribute 18, 4
  13              		.file	"stm32f4xx_it.c"
  14              		.text
  15              	.Ltext0:
  16              		.cfi_sections	.debug_frame
  17              		.section	.text.NMI_Handler,"ax",%progbits
  18              		.align	1
  19              		.global	NMI_Handler
  20              		.syntax unified
  21              		.thumb
  22              		.thumb_func
  23              		.fpu fpv4-sp-d16
  25              	NMI_Handler:
  26              	.LFB0:
  27              		.file 1 "Src/stm32f4xx_it.c"
   1:Src/stm32f4xx_it.c **** 
   2:Src/stm32f4xx_it.c **** /* Includes ------------------------------------------------------------------*/
   3:Src/stm32f4xx_it.c **** #include "stm32f4xx_it.h"
   4:Src/stm32f4xx_it.c **** 
   5:Src/stm32f4xx_it.c **** /* USER CODE BEGIN 0 */
   6:Src/stm32f4xx_it.c **** 
   7:Src/stm32f4xx_it.c **** /* USER CODE END 0 */
   8:Src/stm32f4xx_it.c **** 
   9:Src/stm32f4xx_it.c **** /* External variables --------------------------------------------------------*/
  10:Src/stm32f4xx_it.c **** 
  11:Src/stm32f4xx_it.c **** /******************************************************************************/
  12:Src/stm32f4xx_it.c **** /*            Cortex-M4 Processor Interruption and Exception Handlers         */ 
  13:Src/stm32f4xx_it.c **** /******************************************************************************/
  14:Src/stm32f4xx_it.c **** 
  15:Src/stm32f4xx_it.c **** /**
  16:Src/stm32f4xx_it.c **** * @brief This function handles Non maskable interrupt.
  17:Src/stm32f4xx_it.c **** */
  18:Src/stm32f4xx_it.c **** void NMI_Handler(void)
  19:Src/stm32f4xx_it.c **** {
  28              		.loc 1 19 0
  29              		.cfi_startproc
  30              		@ args = 0, pretend = 0, frame = 0
  31              		@ frame_needed = 0, uses_anonymous_args = 0
  32              		@ link register save eliminated.
  20:Src/stm32f4xx_it.c ****   /* USER CODE BEGIN NonMaskableInt_IRQn 0 */
  21:Src/stm32f4xx_it.c **** 
  22:Src/stm32f4xx_it.c ****   /* USER CODE END NonMaskableInt_IRQn 0 */
  23:Src/stm32f4xx_it.c ****   /* USER CODE BEGIN NonMaskableInt_IRQn 1 */
  24:Src/stm32f4xx_it.c **** 
  25:Src/stm32f4xx_it.c ****   /* USER CODE END NonMaskableInt_IRQn 1 */
  26:Src/stm32f4xx_it.c **** }
ARM GAS  E:\msys32\tmp\cc2XkZB8.s 			page 2


  33              		.loc 1 26 0
  34 0000 7047     		bx	lr
  35              		.cfi_endproc
  36              	.LFE0:
  38              		.section	.text.HardFault_Handler,"ax",%progbits
  39              		.align	1
  40              		.global	HardFault_Handler
  41              		.syntax unified
  42              		.thumb
  43              		.thumb_func
  44              		.fpu fpv4-sp-d16
  46              	HardFault_Handler:
  47              	.LFB1:
  27:Src/stm32f4xx_it.c **** 
  28:Src/stm32f4xx_it.c **** /**
  29:Src/stm32f4xx_it.c **** * @brief This function handles Hard fault interrupt.
  30:Src/stm32f4xx_it.c **** */
  31:Src/stm32f4xx_it.c **** void HardFault_Handler(void)
  32:Src/stm32f4xx_it.c **** {
  48              		.loc 1 32 0
  49              		.cfi_startproc
  50              		@ Volatile: function does not return.
  51              		@ args = 0, pretend = 0, frame = 0
  52              		@ frame_needed = 0, uses_anonymous_args = 0
  53              		@ link register save eliminated.
  54              	.L3:
  55 0000 FEE7     		b	.L3
  56              		.cfi_endproc
  57              	.LFE1:
  59              		.section	.text.MemManage_Handler,"ax",%progbits
  60              		.align	1
  61              		.global	MemManage_Handler
  62              		.syntax unified
  63              		.thumb
  64              		.thumb_func
  65              		.fpu fpv4-sp-d16
  67              	MemManage_Handler:
  68              	.LFB2:
  33:Src/stm32f4xx_it.c ****   /* USER CODE BEGIN HardFault_IRQn 0 */
  34:Src/stm32f4xx_it.c **** 
  35:Src/stm32f4xx_it.c ****   /* USER CODE END HardFault_IRQn 0 */
  36:Src/stm32f4xx_it.c ****   while (1)
  37:Src/stm32f4xx_it.c ****   {
  38:Src/stm32f4xx_it.c ****     /* USER CODE BEGIN W1_HardFault_IRQn 0 */
  39:Src/stm32f4xx_it.c ****     /* USER CODE END W1_HardFault_IRQn 0 */
  40:Src/stm32f4xx_it.c ****   }
  41:Src/stm32f4xx_it.c ****   /* USER CODE BEGIN HardFault_IRQn 1 */
  42:Src/stm32f4xx_it.c **** 
  43:Src/stm32f4xx_it.c ****   /* USER CODE END HardFault_IRQn 1 */
  44:Src/stm32f4xx_it.c **** }
  45:Src/stm32f4xx_it.c **** 
  46:Src/stm32f4xx_it.c **** /**
  47:Src/stm32f4xx_it.c **** * @brief This function handles Memory management fault.
  48:Src/stm32f4xx_it.c **** */
  49:Src/stm32f4xx_it.c **** void MemManage_Handler(void)
  50:Src/stm32f4xx_it.c **** {
  69              		.loc 1 50 0
ARM GAS  E:\msys32\tmp\cc2XkZB8.s 			page 3


  70              		.cfi_startproc
  71              		@ Volatile: function does not return.
  72              		@ args = 0, pretend = 0, frame = 0
  73              		@ frame_needed = 0, uses_anonymous_args = 0
  74              		@ link register save eliminated.
  75              	.L5:
  76 0000 FEE7     		b	.L5
  77              		.cfi_endproc
  78              	.LFE2:
  80              		.section	.text.BusFault_Handler,"ax",%progbits
  81              		.align	1
  82              		.global	BusFault_Handler
  83              		.syntax unified
  84              		.thumb
  85              		.thumb_func
  86              		.fpu fpv4-sp-d16
  88              	BusFault_Handler:
  89              	.LFB3:
  51:Src/stm32f4xx_it.c ****   /* USER CODE BEGIN MemoryManagement_IRQn 0 */
  52:Src/stm32f4xx_it.c **** 
  53:Src/stm32f4xx_it.c ****   /* USER CODE END MemoryManagement_IRQn 0 */
  54:Src/stm32f4xx_it.c ****   while (1)
  55:Src/stm32f4xx_it.c ****   {
  56:Src/stm32f4xx_it.c ****     /* USER CODE BEGIN W1_MemoryManagement_IRQn 0 */
  57:Src/stm32f4xx_it.c ****     /* USER CODE END W1_MemoryManagement_IRQn 0 */
  58:Src/stm32f4xx_it.c ****   }
  59:Src/stm32f4xx_it.c ****   /* USER CODE BEGIN MemoryManagement_IRQn 1 */
  60:Src/stm32f4xx_it.c **** 
  61:Src/stm32f4xx_it.c ****   /* USER CODE END MemoryManagement_IRQn 1 */
  62:Src/stm32f4xx_it.c **** }
  63:Src/stm32f4xx_it.c **** 
  64:Src/stm32f4xx_it.c **** /**
  65:Src/stm32f4xx_it.c **** * @brief This function handles Pre-fetch fault, memory access fault.
  66:Src/stm32f4xx_it.c **** */
  67:Src/stm32f4xx_it.c **** void BusFault_Handler(void)
  68:Src/stm32f4xx_it.c **** {
  90              		.loc 1 68 0
  91              		.cfi_startproc
  92              		@ Volatile: function does not return.
  93              		@ args = 0, pretend = 0, frame = 0
  94              		@ frame_needed = 0, uses_anonymous_args = 0
  95              		@ link register save eliminated.
  96              	.L7:
  97 0000 FEE7     		b	.L7
  98              		.cfi_endproc
  99              	.LFE3:
 101              		.section	.text.UsageFault_Handler,"ax",%progbits
 102              		.align	1
 103              		.global	UsageFault_Handler
 104              		.syntax unified
 105              		.thumb
 106              		.thumb_func
 107              		.fpu fpv4-sp-d16
 109              	UsageFault_Handler:
 110              	.LFB4:
  69:Src/stm32f4xx_it.c ****   /* USER CODE BEGIN BusFault_IRQn 0 */
  70:Src/stm32f4xx_it.c **** 
ARM GAS  E:\msys32\tmp\cc2XkZB8.s 			page 4


  71:Src/stm32f4xx_it.c ****   /* USER CODE END BusFault_IRQn 0 */
  72:Src/stm32f4xx_it.c ****   while (1)
  73:Src/stm32f4xx_it.c ****   {
  74:Src/stm32f4xx_it.c ****     /* USER CODE BEGIN W1_BusFault_IRQn 0 */
  75:Src/stm32f4xx_it.c ****     /* USER CODE END W1_BusFault_IRQn 0 */
  76:Src/stm32f4xx_it.c ****   }
  77:Src/stm32f4xx_it.c ****   /* USER CODE BEGIN BusFault_IRQn 1 */
  78:Src/stm32f4xx_it.c **** 
  79:Src/stm32f4xx_it.c ****   /* USER CODE END BusFault_IRQn 1 */
  80:Src/stm32f4xx_it.c **** }
  81:Src/stm32f4xx_it.c **** 
  82:Src/stm32f4xx_it.c **** /**
  83:Src/stm32f4xx_it.c **** * @brief This function handles Undefined instruction or illegal state.
  84:Src/stm32f4xx_it.c **** */
  85:Src/stm32f4xx_it.c **** void UsageFault_Handler(void)
  86:Src/stm32f4xx_it.c **** {
 111              		.loc 1 86 0
 112              		.cfi_startproc
 113              		@ Volatile: function does not return.
 114              		@ args = 0, pretend = 0, frame = 0
 115              		@ frame_needed = 0, uses_anonymous_args = 0
 116              		@ link register save eliminated.
 117              	.L9:
 118 0000 FEE7     		b	.L9
 119              		.cfi_endproc
 120              	.LFE4:
 122              		.section	.text.SVC_Handler,"ax",%progbits
 123              		.align	1
 124              		.global	SVC_Handler
 125              		.syntax unified
 126              		.thumb
 127              		.thumb_func
 128              		.fpu fpv4-sp-d16
 130              	SVC_Handler:
 131              	.LFB5:
  87:Src/stm32f4xx_it.c ****   /* USER CODE BEGIN UsageFault_IRQn 0 */
  88:Src/stm32f4xx_it.c **** 
  89:Src/stm32f4xx_it.c ****   /* USER CODE END UsageFault_IRQn 0 */
  90:Src/stm32f4xx_it.c ****   while (1)
  91:Src/stm32f4xx_it.c ****   {
  92:Src/stm32f4xx_it.c ****     /* USER CODE BEGIN W1_UsageFault_IRQn 0 */
  93:Src/stm32f4xx_it.c ****     /* USER CODE END W1_UsageFault_IRQn 0 */
  94:Src/stm32f4xx_it.c ****   }
  95:Src/stm32f4xx_it.c ****   /* USER CODE BEGIN UsageFault_IRQn 1 */
  96:Src/stm32f4xx_it.c **** 
  97:Src/stm32f4xx_it.c ****   /* USER CODE END UsageFault_IRQn 1 */
  98:Src/stm32f4xx_it.c **** }
  99:Src/stm32f4xx_it.c **** 
 100:Src/stm32f4xx_it.c **** /**
 101:Src/stm32f4xx_it.c **** * @brief This function handles System service call via SWI instruction.
 102:Src/stm32f4xx_it.c **** */
 103:Src/stm32f4xx_it.c **** void SVC_Handler(void)
 104:Src/stm32f4xx_it.c **** {
 132              		.loc 1 104 0
 133              		.cfi_startproc
 134              		@ args = 0, pretend = 0, frame = 0
 135              		@ frame_needed = 0, uses_anonymous_args = 0
ARM GAS  E:\msys32\tmp\cc2XkZB8.s 			page 5


 136              		@ link register save eliminated.
 105:Src/stm32f4xx_it.c ****   /* USER CODE BEGIN SVCall_IRQn 0 */
 106:Src/stm32f4xx_it.c **** 
 107:Src/stm32f4xx_it.c ****   /* USER CODE END SVCall_IRQn 0 */
 108:Src/stm32f4xx_it.c ****   /* USER CODE BEGIN SVCall_IRQn 1 */
 109:Src/stm32f4xx_it.c **** 
 110:Src/stm32f4xx_it.c ****   /* USER CODE END SVCall_IRQn 1 */
 111:Src/stm32f4xx_it.c **** }
 137              		.loc 1 111 0
 138 0000 7047     		bx	lr
 139              		.cfi_endproc
 140              	.LFE5:
 142              		.section	.text.DebugMon_Handler,"ax",%progbits
 143              		.align	1
 144              		.global	DebugMon_Handler
 145              		.syntax unified
 146              		.thumb
 147              		.thumb_func
 148              		.fpu fpv4-sp-d16
 150              	DebugMon_Handler:
 151              	.LFB6:
 112:Src/stm32f4xx_it.c **** 
 113:Src/stm32f4xx_it.c **** /**
 114:Src/stm32f4xx_it.c **** * @brief This function handles Debug monitor.
 115:Src/stm32f4xx_it.c **** */
 116:Src/stm32f4xx_it.c **** void DebugMon_Handler(void)
 117:Src/stm32f4xx_it.c **** {
 152              		.loc 1 117 0
 153              		.cfi_startproc
 154              		@ args = 0, pretend = 0, frame = 0
 155              		@ frame_needed = 0, uses_anonymous_args = 0
 156              		@ link register save eliminated.
 118:Src/stm32f4xx_it.c ****   /* USER CODE BEGIN DebugMonitor_IRQn 0 */
 119:Src/stm32f4xx_it.c **** 
 120:Src/stm32f4xx_it.c ****   /* USER CODE END DebugMonitor_IRQn 0 */
 121:Src/stm32f4xx_it.c ****   /* USER CODE BEGIN DebugMonitor_IRQn 1 */
 122:Src/stm32f4xx_it.c **** 
 123:Src/stm32f4xx_it.c ****   /* USER CODE END DebugMonitor_IRQn 1 */
 124:Src/stm32f4xx_it.c **** }
 157              		.loc 1 124 0
 158 0000 7047     		bx	lr
 159              		.cfi_endproc
 160              	.LFE6:
 162              		.section	.text.PendSV_Handler,"ax",%progbits
 163              		.align	1
 164              		.global	PendSV_Handler
 165              		.syntax unified
 166              		.thumb
 167              		.thumb_func
 168              		.fpu fpv4-sp-d16
 170              	PendSV_Handler:
 171              	.LFB7:
 125:Src/stm32f4xx_it.c **** 
 126:Src/stm32f4xx_it.c **** /**
 127:Src/stm32f4xx_it.c **** * @brief This function handles Pendable request for system service.
 128:Src/stm32f4xx_it.c **** */
 129:Src/stm32f4xx_it.c **** void PendSV_Handler(void)
ARM GAS  E:\msys32\tmp\cc2XkZB8.s 			page 6


 130:Src/stm32f4xx_it.c **** {
 172              		.loc 1 130 0
 173              		.cfi_startproc
 174              		@ args = 0, pretend = 0, frame = 0
 175              		@ frame_needed = 0, uses_anonymous_args = 0
 176              		@ link register save eliminated.
 131:Src/stm32f4xx_it.c ****   /* USER CODE BEGIN PendSV_IRQn 0 */
 132:Src/stm32f4xx_it.c **** 
 133:Src/stm32f4xx_it.c ****   /* USER CODE END PendSV_IRQn 0 */
 134:Src/stm32f4xx_it.c ****   /* USER CODE BEGIN PendSV_IRQn 1 */
 135:Src/stm32f4xx_it.c **** 
 136:Src/stm32f4xx_it.c ****   /* USER CODE END PendSV_IRQn 1 */
 137:Src/stm32f4xx_it.c **** }
 177              		.loc 1 137 0
 178 0000 7047     		bx	lr
 179              		.cfi_endproc
 180              	.LFE7:
 182              		.section	.text.SysTick_Handler,"ax",%progbits
 183              		.align	1
 184              		.global	SysTick_Handler
 185              		.syntax unified
 186              		.thumb
 187              		.thumb_func
 188              		.fpu fpv4-sp-d16
 190              	SysTick_Handler:
 191              	.LFB8:
 138:Src/stm32f4xx_it.c **** 
 139:Src/stm32f4xx_it.c **** /**
 140:Src/stm32f4xx_it.c **** * @brief This function handles System tick timer.
 141:Src/stm32f4xx_it.c **** */
 142:Src/stm32f4xx_it.c **** void SysTick_Handler(void)
 143:Src/stm32f4xx_it.c **** {
 192              		.loc 1 143 0
 193              		.cfi_startproc
 194              		@ args = 0, pretend = 0, frame = 0
 195              		@ frame_needed = 0, uses_anonymous_args = 0
 196              		@ link register save eliminated.
 144:Src/stm32f4xx_it.c ****   /* USER CODE BEGIN SysTick_IRQn 0 */
 145:Src/stm32f4xx_it.c **** 
 146:Src/stm32f4xx_it.c ****   /* USER CODE END SysTick_IRQn 0 */
 147:Src/stm32f4xx_it.c ****  
 148:Src/stm32f4xx_it.c ****   /* USER CODE BEGIN SysTick_IRQn 1 */
 149:Src/stm32f4xx_it.c **** 
 150:Src/stm32f4xx_it.c ****   /* USER CODE END SysTick_IRQn 1 */
 151:Src/stm32f4xx_it.c **** }
 197              		.loc 1 151 0
 198 0000 7047     		bx	lr
 199              		.cfi_endproc
 200              	.LFE8:
 202              		.text
 203              	.Letext0:
ARM GAS  E:\msys32\tmp\cc2XkZB8.s 			page 7


DEFINED SYMBOLS
                            *ABS*:00000000 stm32f4xx_it.c
E:\msys32\tmp\cc2XkZB8.s:18     .text.NMI_Handler:00000000 $t
E:\msys32\tmp\cc2XkZB8.s:25     .text.NMI_Handler:00000000 NMI_Handler
E:\msys32\tmp\cc2XkZB8.s:39     .text.HardFault_Handler:00000000 $t
E:\msys32\tmp\cc2XkZB8.s:46     .text.HardFault_Handler:00000000 HardFault_Handler
E:\msys32\tmp\cc2XkZB8.s:60     .text.MemManage_Handler:00000000 $t
E:\msys32\tmp\cc2XkZB8.s:67     .text.MemManage_Handler:00000000 MemManage_Handler
E:\msys32\tmp\cc2XkZB8.s:81     .text.BusFault_Handler:00000000 $t
E:\msys32\tmp\cc2XkZB8.s:88     .text.BusFault_Handler:00000000 BusFault_Handler
E:\msys32\tmp\cc2XkZB8.s:102    .text.UsageFault_Handler:00000000 $t
E:\msys32\tmp\cc2XkZB8.s:109    .text.UsageFault_Handler:00000000 UsageFault_Handler
E:\msys32\tmp\cc2XkZB8.s:123    .text.SVC_Handler:00000000 $t
E:\msys32\tmp\cc2XkZB8.s:130    .text.SVC_Handler:00000000 SVC_Handler
E:\msys32\tmp\cc2XkZB8.s:143    .text.DebugMon_Handler:00000000 $t
E:\msys32\tmp\cc2XkZB8.s:150    .text.DebugMon_Handler:00000000 DebugMon_Handler
E:\msys32\tmp\cc2XkZB8.s:163    .text.PendSV_Handler:00000000 $t
E:\msys32\tmp\cc2XkZB8.s:170    .text.PendSV_Handler:00000000 PendSV_Handler
E:\msys32\tmp\cc2XkZB8.s:183    .text.SysTick_Handler:00000000 $t
E:\msys32\tmp\cc2XkZB8.s:190    .text.SysTick_Handler:00000000 SysTick_Handler

NO UNDEFINED SYMBOLS
